DEB [20111114-11:59:08.639] bson: machine piece post: e4b00000
DEB [20111114-11:59:08.713] bson: process piece: f974
DEB [20111114-11:59:08.714] bson: machine : e4b0f974
DEB [20111203-02:56:48.592] bson: machine piece post: ccf20000
DEB [20111203-02:56:48.602] bson: process piece: 9c5f
DEB [20111203-02:56:48.603] bson: machine : ccf29c5f
FAT [20111203-02:57:01.526] mongodb: MyPort.error called
FAT [20111203-02:57:01.526] mongodb: java.io.IOException: couldn't connect to [/127.0.0.1:27017] bc:java.net.ConnectException: Connection refused
FAT [20111203-02:57:01.526] mongodb:     at com.mongodb.DBPort._open(DBPort.java:206)
FAT [20111203-02:57:01.526] mongodb:     at com.mongodb.DBPort.go(DBPort.java:94)
FAT [20111203-02:57:01.526] mongodb:     at com.mongodb.DBPort.go(DBPort.java:75)
FAT [20111203-02:57:01.526] mongodb:     at com.mongodb.DBPort.call(DBPort.java:65)
FAT [20111203-02:57:01.526] mongodb:     at com.mongodb.DBTCPConnector.call(DBTCPConnector.java:201)
FAT [20111203-02:57:01.526] mongodb:     at com.mongodb.DBApiLayer$MyCollection.__find(DBApiLayer.java:295)
FAT [20111203-02:57:01.526] mongodb:     at com.mongodb.DBCursor._check(DBCursor.java:354)
FAT [20111203-02:57:01.526] mongodb:     at com.mongodb.DBCursor._hasNext(DBCursor.java:484)
FAT [20111203-02:57:01.526] mongodb:     at com.mongodb.DBCursor.hasNext(DBCursor.java:509)
FAT [20111203-02:57:01.526] mongodb:     at com.foursquare.rogue.MongoHelpers$QueryExecutor$$anonfun$query$1.apply(MongoHelpers.scala:229)
FAT [20111203-02:57:01.526] mongodb:     at com.foursquare.rogue.MongoHelpers$QueryExecutor$$anonfun$query$1.apply(MongoHelpers.scala:227)
FAT [20111203-02:57:01.526] mongodb:     at com.foursquare.rogue.MongoHelpers$QueryExecutor$$anonfun$doQuery$1$$anonfun$apply$mcV$sp$1.apply(MongoHelpers.scala:264)
FAT [20111203-02:57:01.526] mongodb:     at com.foursquare.rogue.MongoHelpers$QueryExecutor$$anonfun$doQuery$1$$anonfun$apply$mcV$sp$1.apply(MongoHelpers.scala:257)
FAT [20111203-02:57:01.526] mongodb:     at net.liftweb.mongodb.MongoDB$.useCollection(Mongo.scala:178)
FAT [20111203-02:57:01.526] mongodb:     at com.foursquare.rogue.MongoHelpers$QueryExecutor$$anonfun$doQuery$1.apply$mcV$sp(MongoHelpers.scala:257)
FAT [20111203-02:57:01.526] mongodb:     at com.foursquare.rogue.MongoHelpers$QueryExecutor$$anonfun$doQuery$1.apply(MongoHelpers.scala:257)
FAT [20111203-02:57:01.526] mongodb:     at com.foursquare.rogue.MongoHelpers$QueryExecutor$$anonfun$doQuery$1.apply(MongoHelpers.scala:257)
FAT [20111203-02:57:01.526] mongodb:     at com.foursquare.rogue.MongoHelpers$QueryExecutor$.runCommand(MongoHelpers.scala:152)
FAT [20111203-02:57:01.526] mongodb:     at com.foursquare.rogue.MongoHelpers$QueryExecutor$.doQuery(MongoHelpers.scala:256)
FAT [20111203-02:57:01.526] mongodb:     at com.foursquare.rogue.MongoHelpers$QueryExecutor$.query(MongoHelpers.scala:227)
FAT [20111203-02:57:01.526] mongodb:     at com.foursquare.rogue.BaseQuery.fetch(Query.scala:226)
FAT [20111203-02:57:01.526] mongodb:     at com.foursquare.rogue.BaseQuery.fetch(Query.scala:230)
FAT [20111203-02:57:01.526] mongodb:     at com.foursquare.rogue.BaseQuery.get(Query.scala:244)
FAT [20111203-02:57:01.526] mongodb:     at antitech.sgir.SGir$.checkIn(SGir.scala:134)
FAT [20111203-02:57:01.526] mongodb:     at antitech.sgir.SGir$.onJoin(SGir.scala:130)
FAT [20111203-02:57:01.526] mongodb:     at org.jibble.pircbot.PircBot.handleLine(PircBot.java:971)
FAT [20111203-02:57:01.526] mongodb:     at org.jibble.pircbot.InputThread.run(InputThread.java:95)
FAT [20111203-02:57:01.546] mongodb: MyPort.error called
FAT [20111203-02:57:01.546] mongodb: java.io.IOException: couldn't connect to [/127.0.0.1:27017] bc:java.net.ConnectException: Connection refused
FAT [20111203-02:57:01.546] mongodb:     at com.mongodb.DBPort._open(DBPort.java:206)
FAT [20111203-02:57:01.546] mongodb:     at com.mongodb.DBPort.go(DBPort.java:94)
FAT [20111203-02:57:01.546] mongodb:     at com.mongodb.DBPort.go(DBPort.java:75)
FAT [20111203-02:57:01.546] mongodb:     at com.mongodb.DBPort.call(DBPort.java:65)
FAT [20111203-02:57:01.546] mongodb:     at com.mongodb.DBTCPConnector.call(DBTCPConnector.java:201)
FAT [20111203-02:57:01.546] mongodb:     at com.mongodb.DBTCPConnector.call(DBTCPConnector.java:220)
FAT [20111203-02:57:01.546] mongodb:     at com.mongodb.DBApiLayer$MyCollection.__find(DBApiLayer.java:295)
FAT [20111203-02:57:01.546] mongodb:     at com.mongodb.DBCursor._check(DBCursor.java:354)
FAT [20111203-02:57:01.546] mongodb:     at com.mongodb.DBCursor._hasNext(DBCursor.java:484)
FAT [20111203-02:57:01.546] mongodb:     at com.mongodb.DBCursor.hasNext(DBCursor.java:509)
FAT [20111203-02:57:01.546] mongodb:     at com.foursquare.rogue.MongoHelpers$QueryExecutor$$anonfun$query$1.apply(MongoHelpers.scala:229)
FAT [20111203-02:57:01.546] mongodb:     at com.foursquare.rogue.MongoHelpers$QueryExecutor$$anonfun$query$1.apply(MongoHelpers.scala:227)
FAT [20111203-02:57:01.546] mongodb:     at com.foursquare.rogue.MongoHelpers$QueryExecutor$$anonfun$doQuery$1$$anonfun$apply$mcV$sp$1.apply(MongoHelpers.scala:264)
FAT [20111203-02:57:01.546] mongodb:     at com.foursquare.rogue.MongoHelpers$QueryExecutor$$anonfun$doQuery$1$$anonfun$apply$mcV$sp$1.apply(MongoHelpers.scala:257)
FAT [20111203-02:57:01.546] mongodb:     at net.liftweb.mongodb.MongoDB$.useCollection(Mongo.scala:178)
FAT [20111203-02:57:01.546] mongodb:     at com.foursquare.rogue.MongoHelpers$QueryExecutor$$anonfun$doQuery$1.apply$mcV$sp(MongoHelpers.scala:257)
FAT [20111203-02:57:01.546] mongodb:     at com.foursquare.rogue.MongoHelpers$QueryExecutor$$anonfun$doQuery$1.apply(MongoHelpers.scala:257)
FAT [20111203-02:57:01.546] mongodb:     at com.foursquare.rogue.MongoHelpers$QueryExecutor$$anonfun$doQuery$1.apply(MongoHelpers.scala:257)
FAT [20111203-02:57:01.546] mongodb:     at com.foursquare.rogue.MongoHelpers$QueryExecutor$.runCommand(MongoHelpers.scala:152)
FAT [20111203-02:57:01.546] mongodb:     at com.foursquare.rogue.MongoHelpers$QueryExecutor$.doQuery(MongoHelpers.scala:256)
FAT [20111203-02:57:01.546] mongodb:     at com.foursquare.rogue.MongoHelpers$QueryExecutor$.query(MongoHelpers.scala:227)
FAT [20111203-02:57:01.546] mongodb:     at com.foursquare.rogue.BaseQuery.fetch(Query.scala:226)
FAT [20111203-02:57:01.546] mongodb:     at com.foursquare.rogue.BaseQuery.fetch(Query.scala:230)
FAT [20111203-02:57:01.546] mongodb:     at com.foursquare.rogue.BaseQuery.get(Query.scala:244)
FAT [20111203-02:57:01.546] mongodb:     at antitech.sgir.SGir$.checkIn(SGir.scala:134)
FAT [20111203-02:57:01.546] mongodb:     at antitech.sgir.SGir$.onJoin(SGir.scala:130)
FAT [20111203-02:57:01.546] mongodb:     at org.jibble.pircbot.PircBot.handleLine(PircBot.java:971)
FAT [20111203-02:57:01.546] mongodb:     at org.jibble.pircbot.InputThread.run(InputThread.java:95)
FAT [20111203-02:57:01.574] mongodb: MyPort.error called
FAT [20111203-02:57:01.574] mongodb: java.io.IOException: couldn't connect to [/127.0.0.1:27017] bc:java.net.ConnectException: Connection refused
FAT [20111203-02:57:01.574] mongodb:     at com.mongodb.DBPort._open(DBPort.java:206)
FAT [20111203-02:57:01.574] mongodb:     at com.mongodb.DBPort.go(DBPort.java:94)
FAT [20111203-02:57:01.574] mongodb:     at com.mongodb.DBPort.go(DBPort.java:75)
FAT [20111203-02:57:01.574] mongodb:     at com.mongodb.DBPort.call(DBPort.java:65)
FAT [20111203-02:57:01.574] mongodb:     at com.mongodb.DBTCPConnector.call(DBTCPConnector.java:201)
FAT [20111203-02:57:01.574] mongodb:     at com.mongodb.DBTCPConnector.call(DBTCPConnector.java:220)
FAT [20111203-02:57:01.574] mongodb:     at com.mongodb.DBTCPConnector.call(DBTCPConnector.java:220)
FAT [20111203-02:57:01.574] mongodb:     at com.mongodb.DBApiLayer$MyCollection.__find(DBApiLayer.java:295)
FAT [20111203-02:57:01.574] mongodb:     at com.mongodb.DBCursor._check(DBCursor.java:354)
FAT [20111203-02:57:01.574] mongodb:     at com.mongodb.DBCursor._hasNext(DBCursor.java:484)
FAT [20111203-02:57:01.574] mongodb:     at com.mongodb.DBCursor.hasNext(DBCursor.java:509)
FAT [20111203-02:57:01.574] mongodb:     at com.foursquare.rogue.MongoHelpers$QueryExecutor$$anonfun$query$1.apply(MongoHelpers.scala:229)
FAT [20111203-02:57:01.574] mongodb:     at com.foursquare.rogue.MongoHelpers$QueryExecutor$$anonfun$query$1.apply(MongoHelpers.scala:227)
FAT [20111203-02:57:01.574] mongodb:     at com.foursquare.rogue.MongoHelpers$QueryExecutor$$anonfun$doQuery$1$$anonfun$apply$mcV$sp$1.apply(MongoHelpers.scala:264)
FAT [20111203-02:57:01.574] mongodb:     at com.foursquare.rogue.MongoHelpers$QueryExecutor$$anonfun$doQuery$1$$anonfun$apply$mcV$sp$1.apply(MongoHelpers.scala:257)
FAT [20111203-02:57:01.574] mongodb:     at net.liftweb.mongodb.MongoDB$.useCollection(Mongo.scala:178)
FAT [20111203-02:57:01.574] mongodb:     at com.foursquare.rogue.MongoHelpers$QueryExecutor$$anonfun$doQuery$1.apply$mcV$sp(MongoHelpers.scala:257)
FAT [20111203-02:57:01.574] mongodb:     at com.foursquare.rogue.MongoHelpers$QueryExecutor$$anonfun$doQuery$1.apply(MongoHelpers.scala:257)
FAT [20111203-02:57:01.574] mongodb:     at com.foursquare.rogue.MongoHelpers$QueryExecutor$$anonfun$doQuery$1.apply(MongoHelpers.scala:257)
FAT [20111203-02:57:01.574] mongodb:     at com.foursquare.rogue.MongoHelpers$QueryExecutor$.runCommand(MongoHelpers.scala:152)
FAT [20111203-02:57:01.574] mongodb:     at com.foursquare.rogue.MongoHelpers$QueryExecutor$.doQuery(MongoHelpers.scala:256)
FAT [20111203-02:57:01.574] mongodb:     at com.foursquare.rogue.MongoHelpers$QueryExecutor$.query(MongoHelpers.scala:227)
FAT [20111203-02:57:01.574] mongodb:     at com.foursquare.rogue.BaseQuery.fetch(Query.scala:226)
FAT [20111203-02:57:01.574] mongodb:     at com.foursquare.rogue.BaseQuery.fetch(Query.scala:230)
FAT [20111203-02:57:01.574] mongodb:     at com.foursquare.rogue.BaseQuery.get(Query.scala:244)
FAT [20111203-02:57:01.574] mongodb:     at antitech.sgir.SGir$.checkIn(SGir.scala:134)
FAT [20111203-02:57:01.574] mongodb:     at antitech.sgir.SGir$.onJoin(SGir.scala:130)
FAT [20111203-02:57:01.574] mongodb:     at org.jibble.pircbot.PircBot.handleLine(PircBot.java:971)
FAT [20111203-02:57:01.574] mongodb:     at org.jibble.pircbot.InputThread.run(InputThread.java:95)
FAT [20111203-02:57:01.616] mongodb: MyPort.error called
FAT [20111203-02:57:01.616] mongodb: java.io.IOException: couldn't connect to [/127.0.0.1:27017] bc:java.net.ConnectException: Connection refused
FAT [20111203-02:57:01.616] mongodb:     at com.mongodb.DBPort._open(DBPort.java:206)
FAT [20111203-02:57:01.616] mongodb:     at com.mongodb.DBPort.go(DBPort.java:94)
FAT [20111203-02:57:01.616] mongodb:     at com.mongodb.DBPort.go(DBPort.java:75)
FAT [20111203-02:57:01.616] mongodb:     at com.mongodb.DBPort.call(DBPort.java:65)
FAT [20111203-02:57:01.616] mongodb:     at com.mongodb.DBTCPConnector.call(DBTCPConnector.java:201)
FAT [20111203-02:57:01.616] mongodb:     at com.mongodb.DBApiLayer$MyCollection.__find(DBApiLayer.java:295)
FAT [20111203-02:57:01.616] mongodb:     at com.mongodb.DBCursor._check(DBCursor.java:354)
FAT [20111203-02:57:01.616] mongodb:     at com.mongodb.DBCursor._hasNext(DBCursor.java:484)
FAT [20111203-02:57:01.616] mongodb:     at com.mongodb.DBCursor.hasNext(DBCursor.java:509)
FAT [20111203-02:57:01.616] mongodb:     at com.foursquare.rogue.MongoHelpers$QueryExecutor$$anonfun$query$1.apply(MongoHelpers.scala:229)
FAT [20111203-02:57:01.616] mongodb:     at com.foursquare.rogue.MongoHelpers$QueryExecutor$$anonfun$query$1.apply(MongoHelpers.scala:227)
FAT [20111203-02:57:01.616] mongodb:     at com.foursquare.rogue.MongoHelpers$QueryExecutor$$anonfun$doQuery$1$$anonfun$apply$mcV$sp$1.apply(MongoHelpers.scala:264)
FAT [20111203-02:57:01.616] mongodb:     at com.foursquare.rogue.MongoHelpers$QueryExecutor$$anonfun$doQuery$1$$anonfun$apply$mcV$sp$1.apply(MongoHelpers.scala:257)
FAT [20111203-02:57:01.616] mongodb:     at net.liftweb.mongodb.MongoDB$.useCollection(Mongo.scala:178)
FAT [20111203-02:57:01.616] mongodb:     at com.foursquare.rogue.MongoHelpers$QueryExecutor$$anonfun$doQuery$1.apply$mcV$sp(MongoHelpers.scala:257)
FAT [20111203-02:57:01.616] mongodb:     at com.foursquare.rogue.MongoHelpers$QueryExecutor$$anonfun$doQuery$1.apply(MongoHelpers.scala:257)
FAT [20111203-02:57:01.616] mongodb:     at com.foursquare.rogue.MongoHelpers$QueryExecutor$$anonfun$doQuery$1.apply(MongoHelpers.scala:257)
FAT [20111203-02:57:01.616] mongodb:     at com.foursquare.rogue.MongoHelpers$QueryExecutor$.runCommand(MongoHelpers.scala:152)
FAT [20111203-02:57:01.616] mongodb:     at com.foursquare.rogue.MongoHelpers$QueryExecutor$.doQuery(MongoHelpers.scala:256)
FAT [20111203-02:57:01.616] mongodb:     at com.foursquare.rogue.MongoHelpers$QueryExecutor$.query(MongoHelpers.scala:227)
FAT [20111203-02:57:01.616] mongodb:     at com.foursquare.rogue.BaseQuery.fetch(Query.scala:226)
FAT [20111203-02:57:01.616] mongodb:     at com.foursquare.rogue.BaseQuery.fetch(Query.scala:230)
FAT [20111203-02:57:01.616] mongodb:     at com.foursquare.rogue.BaseQuery.get(Query.scala:244)
FAT [20111203-02:57:01.616] mongodb:     at antitech.sgir.SGir$.checkIn(SGir.scala:134)
FAT [20111203-02:57:01.616] mongodb:     at antitech.sgir.SGir$.onJoin(SGir.scala:130)
FAT [20111203-02:57:01.616] mongodb:     at org.jibble.pircbot.PircBot.handleLine(PircBot.java:971)
FAT [20111203-02:57:01.616] mongodb:     at org.jibble.pircbot.InputThread.run(InputThread.java:95)
FAT [20111203-02:57:01.629] mongodb: MyPort.error called
FAT [20111203-02:57:01.629] mongodb: java.io.IOException: couldn't connect to [/127.0.0.1:27017] bc:java.net.ConnectException: Connection refused
FAT [20111203-02:57:01.629] mongodb:     at com.mongodb.DBPort._open(DBPort.java:206)
FAT [20111203-02:57:01.629] mongodb:     at com.mongodb.DBPort.go(DBPort.java:94)
FAT [20111203-02:57:01.629] mongodb:     at com.mongodb.DBPort.go(DBPort.java:75)
FAT [20111203-02:57:01.629] mongodb:     at com.mongodb.DBPort.call(DBPort.java:65)
FAT [20111203-02:57:01.629] mongodb:     at com.mongodb.DBTCPConnector.call(DBTCPConnector.java:201)
FAT [20111203-02:57:01.629] mongodb:     at com.mongodb.DBTCPConnector.call(DBTCPConnector.java:220)
FAT [20111203-02:57:01.629] mongodb:     at com.mongodb.DBApiLayer$MyCollection.__find(DBApiLayer.java:295)
FAT [20111203-02:57:01.629] mongodb:     at com.mongodb.DBCursor._check(DBCursor.java:354)
FAT [20111203-02:57:01.629] mongodb:     at com.mongodb.DBCursor._hasNext(DBCursor.java:484)
FAT [20111203-02:57:01.629] mongodb:     at com.mongodb.DBCursor.hasNext(DBCursor.java:509)
FAT [20111203-02:57:01.629] mongodb:     at com.foursquare.rogue.MongoHelpers$QueryExecutor$$anonfun$query$1.apply(MongoHelpers.scala:229)
FAT [20111203-02:57:01.629] mongodb:     at com.foursquare.rogue.MongoHelpers$QueryExecutor$$anonfun$query$1.apply(MongoHelpers.scala:227)
FAT [20111203-02:57:01.629] mongodb:     at com.foursquare.rogue.MongoHelpers$QueryExecutor$$anonfun$doQuery$1$$anonfun$apply$mcV$sp$1.apply(MongoHelpers.scala:264)
FAT [20111203-02:57:01.629] mongodb:     at com.foursquare.rogue.MongoHelpers$QueryExecutor$$anonfun$doQuery$1$$anonfun$apply$mcV$sp$1.apply(MongoHelpers.scala:257)
FAT [20111203-02:57:01.629] mongodb:     at net.liftweb.mongodb.MongoDB$.useCollection(Mongo.scala:178)
FAT [20111203-02:57:01.629] mongodb:     at com.foursquare.rogue.MongoHelpers$QueryExecutor$$anonfun$doQuery$1.apply$mcV$sp(MongoHelpers.scala:257)
FAT [20111203-02:57:01.629] mongodb:     at com.foursquare.rogue.MongoHelpers$QueryExecutor$$anonfun$doQuery$1.apply(MongoHelpers.scala:257)
FAT [20111203-02:57:01.629] mongodb:     at com.foursquare.rogue.MongoHelpers$QueryExecutor$$anonfun$doQuery$1.apply(MongoHelpers.scala:257)
FAT [20111203-02:57:01.629] mongodb:     at com.foursquare.rogue.MongoHelpers$QueryExecutor$.runCommand(MongoHelpers.scala:152)
FAT [20111203-02:57:01.629] mongodb:     at com.foursquare.rogue.MongoHelpers$QueryExecutor$.doQuery(MongoHelpers.scala:256)
FAT [20111203-02:57:01.629] mongodb:     at com.foursquare.rogue.MongoHelpers$QueryExecutor$.query(MongoHelpers.scala:227)
FAT [20111203-02:57:01.629] mongodb:     at com.foursquare.rogue.BaseQuery.fetch(Query.scala:226)
FAT [20111203-02:57:01.629] mongodb:     at com.foursquare.rogue.BaseQuery.fetch(Query.scala:230)
FAT [20111203-02:57:01.629] mongodb:     at com.foursquare.rogue.BaseQuery.get(Query.scala:244)
FAT [20111203-02:57:01.629] mongodb:     at antitech.sgir.SGir$.checkIn(SGir.scala:134)
FAT [20111203-02:57:01.629] mongodb:     at antitech.sgir.SGir$.onJoin(SGir.scala:130)
FAT [20111203-02:57:01.629] mongodb:     at org.jibble.pircbot.PircBot.handleLine(PircBot.java:971)
FAT [20111203-02:57:01.629] mongodb:     at org.jibble.pircbot.InputThread.run(InputThread.java:95)
FAT [20111203-02:57:01.641] mongodb: MyPort.error called
FAT [20111203-02:57:01.641] mongodb: java.io.IOException: couldn't connect to [/127.0.0.1:27017] bc:java.net.ConnectException: Connection refused
FAT [20111203-02:57:01.641] mongodb:     at com.mongodb.DBPort._open(DBPort.java:206)
FAT [20111203-02:57:01.641] mongodb:     at com.mongodb.DBPort.go(DBPort.java:94)
FAT [20111203-02:57:01.641] mongodb:     at com.mongodb.DBPort.go(DBPort.java:75)
FAT [20111203-02:57:01.641] mongodb:     at com.mongodb.DBPort.call(DBPort.java:65)
FAT [20111203-02:57:01.641] mongodb:     at com.mongodb.DBTCPConnector.call(DBTCPConnector.java:201)
FAT [20111203-02:57:01.641] mongodb:     at com.mongodb.DBTCPConnector.call(DBTCPConnector.java:220)
FAT [20111203-02:57:01.641] mongodb:     at com.mongodb.DBTCPConnector.call(DBTCPConnector.java:220)
FAT [20111203-02:57:01.641] mongodb:     at com.mongodb.DBApiLayer$MyCollection.__find(DBApiLayer.java:295)
FAT [20111203-02:57:01.641] mongodb:     at com.mongodb.DBCursor._check(DBCursor.java:354)
FAT [20111203-02:57:01.641] mongodb:     at com.mongodb.DBCursor._hasNext(DBCursor.java:484)
FAT [20111203-02:57:01.641] mongodb:     at com.mongodb.DBCursor.hasNext(DBCursor.java:509)
FAT [20111203-02:57:01.641] mongodb:     at com.foursquare.rogue.MongoHelpers$QueryExecutor$$anonfun$query$1.apply(MongoHelpers.scala:229)
FAT [20111203-02:57:01.641] mongodb:     at com.foursquare.rogue.MongoHelpers$QueryExecutor$$anonfun$query$1.apply(MongoHelpers.scala:227)
FAT [20111203-02:57:01.641] mongodb:     at com.foursquare.rogue.MongoHelpers$QueryExecutor$$anonfun$doQuery$1$$anonfun$apply$mcV$sp$1.apply(MongoHelpers.scala:264)
FAT [20111203-02:57:01.641] mongodb:     at com.foursquare.rogue.MongoHelpers$QueryExecutor$$anonfun$doQuery$1$$anonfun$apply$mcV$sp$1.apply(MongoHelpers.scala:257)
FAT [20111203-02:57:01.641] mongodb:     at net.liftweb.mongodb.MongoDB$.useCollection(Mongo.scala:178)
FAT [20111203-02:57:01.641] mongodb:     at com.foursquare.rogue.MongoHelpers$QueryExecutor$$anonfun$doQuery$1.apply$mcV$sp(MongoHelpers.scala:257)
FAT [20111203-02:57:01.641] mongodb:     at com.foursquare.rogue.MongoHelpers$QueryExecutor$$anonfun$doQuery$1.apply(MongoHelpers.scala:257)
FAT [20111203-02:57:01.641] mongodb:     at com.foursquare.rogue.MongoHelpers$QueryExecutor$$anonfun$doQuery$1.apply(MongoHelpers.scala:257)
FAT [20111203-02:57:01.641] mongodb:     at com.foursquare.rogue.MongoHelpers$QueryExecutor$.runCommand(MongoHelpers.scala:152)
FAT [20111203-02:57:01.641] mongodb:     at com.foursquare.rogue.MongoHelpers$QueryExecutor$.doQuery(MongoHelpers.scala:256)
FAT [20111203-02:57:01.641] mongodb:     at com.foursquare.rogue.MongoHelpers$QueryExecutor$.query(MongoHelpers.scala:227)
FAT [20111203-02:57:01.641] mongodb:     at com.foursquare.rogue.BaseQuery.fetch(Query.scala:226)
FAT [20111203-02:57:01.641] mongodb:     at com.foursquare.rogue.BaseQuery.fetch(Query.scala:230)
FAT [20111203-02:57:01.641] mongodb:     at com.foursquare.rogue.BaseQuery.get(Query.scala:244)
FAT [20111203-02:57:01.641] mongodb:     at antitech.sgir.SGir$.checkIn(SGir.scala:134)
FAT [20111203-02:57:01.641] mongodb:     at antitech.sgir.SGir$.onJoin(SGir.scala:130)
FAT [20111203-02:57:01.641] mongodb:     at org.jibble.pircbot.PircBot.handleLine(PircBot.java:971)
FAT [20111203-02:57:01.641] mongodb:     at org.jibble.pircbot.InputThread.run(InputThread.java:95)
DEB [20111203-02:58:37.168] bson: machine piece post: ccf20000
DEB [20111203-02:58:37.176] bson: process piece: 77fb
DEB [20111203-02:58:37.177] bson: machine : ccf277fb
